2025-08-07 09:23:53,430 | INFO | 🎭 STARTING ENHANCED GOSSIP ROOM SCRAPER
2025-08-07 09:23:53,430 | INFO | 📋 Loaded 447 celebrities
2025-08-07 09:23:53,430 | INFO | 🔍 Generated 447 searchable names
2025-08-07 09:23:53,620 | INFO | 
============================================================
2025-08-07 09:23:53,620 | INFO | FEED: TMZ
2025-08-07 09:23:53,620 | INFO | Total articles fetched: 20
2025-08-07 09:23:53,620 | INFO | Accepted: 0, Rejected: 20
2025-08-07 09:23:53,620 | INFO | ============================================================
2025-08-07 09:23:53,620 | INFO |  1. ❌ REJECTED | Heidi Fleiss Loves That Aubrey Plaza's Playing Her in Biopic, But Won't Watch It
2025-08-07 09:23:53,620 | INFO |     └─ Reason: No celebrity matches found
2025-08-07 09:23:53,621 | INFO |  2. ❌ REJECTED | Adult Toy Companies Rip WNBA Fans for Throwing Sex Toys, 'Disrespectful!'
2025-08-07 09:23:53,621 | INFO |     └─ Reason: No celebrity matches found
2025-08-07 09:23:53,621 | INFO |  3. ❌ REJECTED | Diddy Planning on MSG Comeback Post-Release, Lawyer Says
2025-08-07 09:23:53,621 | INFO |     └─ Reason: Already processed (duplicate ID)
2025-08-07 09:23:53,621 | INFO |  4. ❌ REJECTED | Eminem Shocks Fans With Surprise Appearance at Documentary Premiere in NYC
2025-08-07 09:23:53,621 | INFO |     └─ Reason: Already processed (duplicate ID)
2025-08-07 09:23:53,621 | INFO |  5. ❌ REJECTED | Steal Hailey Bieber's Morning Routine
2025-08-07 09:23:53,621 | INFO |     └─ Reason: Already processed (duplicate ID)
2025-08-07 09:23:53,621 | INFO |  6. ❌ REJECTED | Gwyneth Paltrow's Daughter Apple Martin Stuns in Bikini During Beach Day
2025-08-07 09:23:53,621 | INFO |     └─ Reason: No celebrity matches found
2025-08-07 09:23:53,621 | INFO |  7. ❌ REJECTED | Lizzo Raps About Sydney Sweeney's Jeans in New Music
2025-08-07 09:23:53,621 | INFO |     └─ Reason: Already processed (duplicate ID)
2025-08-07 09:23:53,621 | INFO |  8. ❌ REJECTED | Sexy Stars in the Shower ... Guess the Georgia Peach!
2025-08-07 09:23:53,621 | INFO |     └─ Reason: No celebrity matches found
2025-08-07 09:23:53,621 | INFO |  9. ❌ REJECTED | Trump Rips Colbert Again, Says Kimmel and Fallon Are Next to Be Canceled
2025-08-07 09:23:53,621 | INFO |     └─ Reason: Already processed (duplicate ID)
2025-08-07 09:23:53,621 | INFO | 10. ❌ REJECTED | Athena in 'Tomorrowland' 'Memba Her?!
2025-08-07 09:23:53,621 | INFO |     └─ Reason: No celebrity matches found
2025-08-07 09:23:53,621 | INFO | 11. ❌ REJECTED | Bernice Burgos Blasts Busty Hot Shots for Summer 2025
2025-08-07 09:23:53,621 | INFO |     └─ Reason: No celebrity matches found
2025-08-07 09:23:53,621 | INFO | 12. ❌ REJECTED | Benny Blanco Says He Wears Selena Gomez’s Perfume When She's Gone
2025-08-07 09:23:53,621 | INFO |     └─ Reason: Already processed (duplicate ID)
2025-08-07 09:23:53,621 | INFO | 13. ❌ REJECTED | Brooke Hogan Unloads On Family Drama, Threatens To Sue Hulk's Team Over 'Lies'
2025-08-07 09:23:53,622 | INFO |     └─ Reason: Already processed (duplicate ID)
2025-08-07 09:23:53,622 | INFO | 14. ❌ REJECTED | 'MasterChef' Star Yanin Campos Dead at 38
2025-08-07 09:23:53,622 | INFO |     └─ Reason: No celebrity matches found
2025-08-07 09:23:53,622 | INFO | 15. ❌ REJECTED | NFL Star Jaycee Horn's Car Crash Caught on Video
2025-08-07 09:23:53,622 | INFO |     └─ Reason: No celebrity matches found
2025-08-07 09:23:53,622 | INFO | 16. ❌ REJECTED | Lauren Sanchez Shows Off Moves on Ibiza Dance Floor With Hubby Jeff Bezos
2025-08-07 09:23:53,622 | INFO |     └─ Reason: No celebrity matches found
2025-08-07 09:23:53,622 | INFO | 17. ❌ REJECTED | Denise Richards Sports Apparent Black Eye Days After Showing Up at Estranged Hus...
2025-08-07 09:23:53,622 | INFO |     └─ Reason: Already processed (duplicate ID)
2025-08-07 09:23:53,622 | INFO | 18. ❌ REJECTED | Brad Pitt's Mom Jane Etta Pitt Dead at 84
2025-08-07 09:23:53,622 | INFO |     └─ Reason: Already processed (duplicate ID)
2025-08-07 09:23:53,622 | INFO | 19. ❌ REJECTED | Fort Stewart Army Base Shooting Dispatch Audio Revealed
2025-08-07 09:23:53,622 | INFO |     └─ Reason: No celebrity matches found
2025-08-07 09:23:53,622 | INFO | 20. ❌ REJECTED | Faizon Love Claims Innocence, Charged With Throwing Card Machine at Clerk
2025-08-07 09:23:53,622 | INFO |     └─ Reason: No celebrity matches found
2025-08-07 09:23:54,369 | INFO | 
============================================================
2025-08-07 09:23:54,369 | INFO | FEED: PEREZ_HILTON
2025-08-07 09:23:54,370 | INFO | Total articles fetched: 10
2025-08-07 09:23:54,370 | INFO | Accepted: 0, Rejected: 10
2025-08-07 09:23:54,370 | INFO | ============================================================
2025-08-07 09:23:54,370 | INFO |  1. ❌ REJECTED | Justin Baldoni Calls Out Blake Lively Lies! Denies Leaking Her Deposition Detail...
2025-08-07 09:23:54,370 | INFO |     └─ Reason: Already processed (duplicate ID)
2025-08-07 09:23:54,370 | INFO |  2. ❌ REJECTED | Britney Spears’ Babydaddy To TELL ALL! Kevin Federline Releasing A Memoir - And ...
2025-08-07 09:23:54,370 | INFO |     └─ Reason: No celebrity matches found
2025-08-07 09:23:54,370 | INFO |  3. ❌ REJECTED | Kelly Clarkson Cancels A Month Worth Of Shows In Las Vegas! Reveals Serious Heat...
2025-08-07 09:23:54,370 | INFO |     └─ Reason: No celebrity matches found
2025-08-07 09:23:54,370 | INFO |  4. ❌ REJECTED | Machine Gun Kelly Reveals His SCARY Diet! He Barely Eats!!!! Do NOT Try This At ...
2025-08-07 09:23:54,370 | INFO |     └─ Reason: Already processed (duplicate ID)
2025-08-07 09:23:54,370 | INFO |  5. ❌ REJECTED | Blake Lively's Lawyers Just Got Hit HARD - By Me!!! I Filed Two New Legal Action...
2025-08-07 09:23:54,370 | INFO |     └─ Reason: Already processed (duplicate ID)
2025-08-07 09:23:54,370 | INFO |  6. ❌ REJECTED | How Taylor Swift Really Reacted To Travis Kelce's Devastating Super Bowl Loss Th...
2025-08-07 09:23:54,370 | INFO |     └─ Reason: Already processed (duplicate ID)
2025-08-07 09:23:54,370 | INFO |  7. ❌ REJECTED | DWTS Pro Cheryl Burke Responds To Ozempic & Plastic Surgery Theories After Major...
2025-08-07 09:23:54,370 | INFO |     └─ Reason: No celebrity matches found
2025-08-07 09:23:54,370 | INFO |  8. ❌ REJECTED | Brooke Hogan Prepared To Lawyer Up Against 'Lies' From Hulk's Team!
2025-08-07 09:23:54,370 | INFO |     └─ Reason: Already processed (duplicate ID)
2025-08-07 09:23:54,370 | INFO |  9. ❌ REJECTED | Heather Rae El Moussa Defends Pregnancy 'Prank' On Tarek -- But Deletes Video An...
2025-08-07 09:23:54,370 | INFO |     └─ Reason: Already processed (duplicate ID)
2025-08-07 09:23:54,371 | INFO | 10. ❌ REJECTED | Denise Richards Seen With Fresh Bruise After Accusing Ex Of Abuse -- But It's No...
2025-08-07 09:23:54,371 | INFO |     └─ Reason: Already processed (duplicate ID)
2025-08-07 09:23:55,302 | INFO | 
============================================================
2025-08-07 09:23:55,302 | INFO | FEED: E_NEWS
2025-08-07 09:23:55,302 | INFO | Total articles fetched: 20
2025-08-07 09:23:55,302 | INFO | Accepted: 0, Rejected: 20
2025-08-07 09:23:55,302 | INFO | ============================================================
2025-08-07 09:23:55,302 | INFO |  1. ❌ REJECTED | Kelly Clarkson Shares Ex Brandon Blackstock Is Sick, Postpones Shows
2025-08-07 09:23:55,303 | INFO |     └─ Reason: No celebrity matches found
2025-08-07 09:23:55,303 | INFO |  2. ❌ REJECTED | Katy Perry Shares Pic of Bloody Injury After Onstage Mishap
2025-08-07 09:23:55,303 | INFO |     └─ Reason: Already processed (duplicate ID)
2025-08-07 09:23:55,303 | INFO |  3. ❌ REJECTED | Nicole Kidman's Daughter Sunday Rose Reveals Family's "2 Big Rules"
2025-08-07 09:23:55,303 | INFO |     └─ Reason: No celebrity matches found
2025-08-07 09:23:55,303 | INFO |  4. ❌ REJECTED | New Amazon-Only Stanley Cup Drop in Soft Pastels & Western Vibes!
2025-08-07 09:23:55,303 | INFO |     └─ Reason: No celebrity matches found
2025-08-07 09:23:55,303 | INFO |  5. ❌ REJECTED | Keke Palmer Details "Being All Naked" in Sex Scenes With Pete Davidson
2025-08-07 09:23:55,303 | INFO |     └─ Reason: Already processed (duplicate ID)
2025-08-07 09:23:55,303 | INFO |  6. ❌ REJECTED | Back-to-School Steals You’ll Regret Skipping in September
2025-08-07 09:23:55,303 | INFO |     └─ Reason: No celebrity matches found
2025-08-07 09:23:55,303 | INFO |  7. ❌ REJECTED | Jeremy "Prison Bae" Meeks Reveals He's Celibate in Rare Life Update
2025-08-07 09:23:55,303 | INFO |     └─ Reason: No celebrity matches found
2025-08-07 09:23:55,303 | INFO |  8. ❌ REJECTED | The Walking Dead Actress Kelley Mack's Cause of Death Revealed
2025-08-07 09:23:55,303 | INFO |     └─ Reason: No celebrity matches found
2025-08-07 09:23:55,303 | INFO |  9. ❌ REJECTED | Society6's Back-to-School 2025 Sale-on-Sale: Artsy Dorm Decor Steals
2025-08-07 09:23:55,303 | INFO |     └─ Reason: No celebrity matches found
2025-08-07 09:23:55,303 | INFO | 10. ❌ REJECTED | Nicki Minaj Addresses Wardrobe Malfunction in Stiletto Challenge Video
2025-08-07 09:23:55,303 | INFO |     └─ Reason: Already processed (duplicate ID)
2025-08-07 09:23:55,303 | INFO | 11. ❌ REJECTED | Trend Alert: Anklets Are The 'It Girl' Jewelry Find of August 2025
2025-08-07 09:23:55,303 | INFO |     └─ Reason: No celebrity matches found
2025-08-07 09:23:55,303 | INFO | 12. ❌ REJECTED | Outlander’s Nell Hudson Gives Birth, Welcomes First Baby With Max King
2025-08-07 09:23:55,303 | INFO |     └─ Reason: No celebrity matches found
2025-08-07 09:23:55,303 | INFO | 13. ❌ REJECTED | Kris Jenner's Feet in New Photo Have Raised a Big Question From Fans
2025-08-07 09:23:55,303 | INFO |     └─ Reason: Already processed (duplicate ID)
2025-08-07 09:23:55,304 | INFO | 14. ❌ REJECTED | Jessa Duggar Shares Special Role Her Sister Had in Baby No. 6’s Birth
2025-08-07 09:23:55,304 | INFO |     └─ Reason: No celebrity matches found
2025-08-07 09:23:55,304 | INFO | 15. ❌ REJECTED | The Kardashian-Approved Beauty Their MUA Always Packs
2025-08-07 09:23:55,304 | INFO |     └─ Reason: Already processed (duplicate ID)
2025-08-07 09:23:55,304 | INFO | 16. ❌ REJECTED | Teyana Taylor Undergoing Emergency Vocal Chord Surgery
2025-08-07 09:23:55,304 | INFO |     └─ Reason: No celebrity matches found
2025-08-07 09:23:55,304 | INFO | 17. ❌ REJECTED | Former Disney Star Chelsea Kane Marries Miguel Marques
2025-08-07 09:23:55,304 | INFO |     └─ Reason: No celebrity matches found
2025-08-07 09:23:55,304 | INFO | 18. ❌ REJECTED | Chris Appleton Breaks Silence on Divorce From Lukas Gage
2025-08-07 09:23:55,304 | INFO |     └─ Reason: No celebrity matches found
2025-08-07 09:23:55,304 | INFO | 19. ❌ REJECTED | How Hunting Wives Honored Late Star Paul Teal 9 Months After His Death
2025-08-07 09:23:55,304 | INFO |     └─ Reason: No celebrity matches found
2025-08-07 09:23:55,304 | INFO | 20. ❌ REJECTED | US Open 2025’s History-Making Prize Amount Revealed
2025-08-07 09:23:55,304 | INFO |     └─ Reason: No celebrity matches found
2025-08-07 09:23:56,027 | INFO | 
============================================================
2025-08-07 09:23:56,027 | INFO | FEED: US_WEEKLY
2025-08-07 09:23:56,027 | INFO | Total articles fetched: 20
2025-08-07 09:23:56,027 | INFO | Accepted: 0, Rejected: 20
2025-08-07 09:23:56,027 | INFO | ============================================================
2025-08-07 09:23:56,028 | INFO |  1. ❌ REJECTED | Kelly Clarkson Reveals Ex-Husband Is 'Ill,' Postpones Vegas Residency
2025-08-07 09:23:56,028 | INFO |     └─ Reason: No celebrity matches found
2025-08-07 09:23:56,028 | INFO |  2. ❌ REJECTED | 12 Cute and Clever Work Bags You’ll Carry Outside of the Office — Starting at $1...
2025-08-07 09:23:56,028 | INFO |     └─ Reason: No celebrity matches found
2025-08-07 09:23:56,028 | INFO |  3. ❌ REJECTED | Brooke Hogan Wanted 'No Part' of Family Drama Over Hulk Hogan's Money
2025-08-07 09:23:56,028 | INFO |     └─ Reason: Already processed (duplicate ID)
2025-08-07 09:23:56,028 | INFO |  4. ❌ REJECTED | Johnny Bananas and Dee’s ‘Challenge’ Showmance Has 1 Costar Punching Walls
2025-08-07 09:23:56,028 | INFO |     └─ Reason: No celebrity matches found
2025-08-07 09:23:56,028 | INFO |  5. ❌ REJECTED | Sami Sheen Claims She 'Almost Got Sex-Trafficked' While Out With a Friend
2025-08-07 09:23:56,028 | INFO |     └─ Reason: No celebrity matches found
2025-08-07 09:23:56,028 | INFO |  6. ❌ REJECTED | Alyson Stoner Went to 'Medical Weight Loss Camp' for 'Hunger Games' Audition
2025-08-07 09:23:56,028 | INFO |     └─ Reason: No celebrity matches found
2025-08-07 09:23:56,028 | INFO |  7. ❌ REJECTED | How Hulk Hogan's Funeral Program Included Daughter Brooke Amid Her Absence
2025-08-07 09:23:56,028 | INFO |     └─ Reason: Already processed (duplicate ID)
2025-08-07 09:23:56,028 | INFO |  8. ❌ REJECTED | What Case Is 'The Conjuring: Last Rites' Based On?
2025-08-07 09:23:56,028 | INFO |     └─ Reason: No celebrity matches found
2025-08-07 09:23:56,028 | INFO |  9. ❌ REJECTED | 'Stans' Director Says Some Fans Were Too 'Obsessed' With Eminem for Project
2025-08-07 09:23:56,028 | INFO |     └─ Reason: Already processed (duplicate ID)
2025-08-07 09:23:56,028 | INFO | 10. ❌ REJECTED | Jennifer Aniston's Gucci Tote Is $4,490, but This Lookalike Is 98% Less
2025-08-07 09:23:56,028 | INFO |     └─ Reason: No celebrity matches found
2025-08-07 09:23:56,028 | INFO | 11. ❌ REJECTED | What Happened Between Prince Harry and His Sentebale Charity?
2025-08-07 09:23:56,028 | INFO |     └─ Reason: Already processed (duplicate ID)
2025-08-07 09:23:56,028 | INFO | 12. ❌ REJECTED | Hulk Hogan's Funeral: Family and Friends Remember the Wrestling Legend
2025-08-07 09:23:56,028 | INFO |     └─ Reason: Already processed (duplicate ID)
2025-08-07 09:23:56,029 | INFO | 13. ❌ REJECTED | Liam Neeson and Pamela Anderson's Cutest Photos Together So Far
2025-08-07 09:23:56,029 | INFO |     └─ Reason: Already processed (duplicate ID)
2025-08-07 09:23:56,029 | INFO | 14. ❌ REJECTED | These Roomy Totes Will Hold All Your Essentials Before You Head Out — Under $60
2025-08-07 09:23:56,029 | INFO |     └─ Reason: No celebrity matches found
2025-08-07 09:23:56,029 | INFO | 15. ❌ REJECTED | Billy Ray Cyrus and Elizabeth Hurley Get Cozy on Red Carpet Amid Romance
2025-08-07 09:23:56,029 | INFO |     └─ Reason: No celebrity matches found
2025-08-07 09:23:56,029 | INFO | 16. ❌ REJECTED | ‘Baby Daddy’ Alum Chelsea Kane Confirms She Secretly Married Miguel Marques
2025-08-07 09:23:56,029 | INFO |     └─ Reason: No celebrity matches found
2025-08-07 09:23:56,029 | INFO | 17. ❌ REJECTED | Inside Joe Manganiello and Caitlin O'Connor's 2-Month European Getaway
2025-08-07 09:23:56,029 | INFO |     └─ Reason: No celebrity matches found
2025-08-07 09:23:56,029 | INFO | 18. ❌ REJECTED | Apple Martin Rocks a Gingham Bikini While Showing Off Her Toned Figure
2025-08-07 09:23:56,029 | INFO |     └─ Reason: No celebrity matches found
2025-08-07 09:23:56,029 | INFO | 19. ❌ REJECTED | The Hottest Celeb Bikini Moments of 2025: Apple Martin, More
2025-08-07 09:23:56,029 | INFO |     └─ Reason: Already processed (duplicate ID)
2025-08-07 09:23:56,029 | INFO | 20. ❌ REJECTED | Jessa Duggar Had Younger Sister Cut Umbilical Cord for Baby No. 6
2025-08-07 09:23:56,029 | INFO |     └─ Reason: No celebrity matches found
2025-08-07 09:23:56,695 | INFO | 
============================================================
2025-08-07 09:23:56,695 | INFO | FEED: VARIETY_ALT
2025-08-07 09:23:56,695 | INFO | Total articles fetched: 10
2025-08-07 09:23:56,695 | INFO | Accepted: 0, Rejected: 10
2025-08-07 09:23:56,695 | INFO | ============================================================
2025-08-07 09:23:56,695 | INFO |  1. ❌ REJECTED | Alief Boards Campbell X Helmed ‘Low Rider’ Ahead of Edinburgh World Premiere (EX...
2025-08-07 09:23:56,695 | INFO |     └─ Reason: No celebrity matches found
2025-08-07 09:23:56,695 | INFO |  2. ❌ REJECTED | ‘Dongji Rescue’ Star Kevin Lee on Playing a War Hero After a Decade as Chinese C...
2025-08-07 09:23:56,695 | INFO |     └─ Reason: No celebrity matches found
2025-08-07 09:23:56,695 | INFO |  3. ❌ REJECTED | Bavaria Fiction Claims Global First After Headquarters Secures Demanding Sustain...
2025-08-07 09:23:56,695 | INFO |     └─ Reason: No celebrity matches found
2025-08-07 09:23:56,695 | INFO |  4. ❌ REJECTED | ‘Parasite’ Studio Barunson E&A Unveils First Teaser for Toronto Platform Selecti...
2025-08-07 09:23:56,695 | INFO |     └─ Reason: No celebrity matches found
2025-08-07 09:23:56,695 | INFO |  5. ❌ REJECTED | Kamal Aljafari’s Locarno Competition Opener ‘With Hasan in Gaza’ Rediscovers Los...
2025-08-07 09:23:56,696 | INFO |     └─ Reason: No celebrity matches found
2025-08-07 09:23:56,696 | INFO |  6. ❌ REJECTED | Former Superman Dean Cain Says He’s Joining ICE ‘ASAP’: America Was ‘Built on Pa...
2025-08-07 09:23:56,696 | INFO |     └─ Reason: No celebrity matches found
2025-08-07 09:23:56,696 | INFO |  7. ❌ REJECTED | Kelly Clarkson Postpones Las Vegas Residency to Be ‘Fully Present’ During Family...
2025-08-07 09:23:56,696 | INFO |     └─ Reason: No celebrity matches found
2025-08-07 09:23:56,696 | INFO |  8. ❌ REJECTED | Sony Pictures Operating Income Jumps 76% in Q1 as Television Output Bolsters Res...
2025-08-07 09:23:56,696 | INFO |     └─ Reason: No celebrity matches found
2025-08-07 09:23:56,696 | INFO |  9. ❌ REJECTED | Midjourney Says Disney Cannot Prevent AI Training and Wants to ‘Have It Both Way...
2025-08-07 09:23:56,696 | INFO |     └─ Reason: No celebrity matches found
2025-08-07 09:23:56,696 | INFO | 10. ❌ REJECTED | ‘South Park’ Mocks a Puppy-Shooting Kristi Noem and JD Vance Offers to Rub Baby ...
2025-08-07 09:23:56,696 | INFO |     └─ Reason: Already processed (duplicate ID)
2025-08-07 09:23:57,335 | INFO | 
============================================================
2025-08-07 09:23:57,335 | INFO | FEED: HOLLYWOOD_REPORTER
2025-08-07 09:23:57,335 | INFO | Total articles fetched: 10
2025-08-07 09:23:57,335 | INFO | Accepted: 0, Rejected: 10
2025-08-07 09:23:57,335 | INFO | ============================================================
2025-08-07 09:23:57,335 | INFO |  1. ❌ REJECTED | ‘The Fin’ Takes Us to a Dystopian Post-War, Eco-Devastated Korea With a Wall to ...
2025-08-07 09:23:57,335 | INFO |     └─ Reason: No celebrity matches found
2025-08-07 09:23:57,335 | INFO |  2. ❌ REJECTED | Locarno Says Farewell to David Lynch With Tribute Film ‘An Unfinished Room…’
2025-08-07 09:23:57,335 | INFO |     └─ Reason: No celebrity matches found
2025-08-07 09:23:57,335 | INFO |  3. ❌ REJECTED | Former ‘Superman’ Actor Dean Cain Says He’s Joining ICE: “This Is the Right Thin...
2025-08-07 09:23:57,335 | INFO |     └─ Reason: No celebrity matches found
2025-08-07 09:23:57,335 | INFO |  4. ❌ REJECTED | Sony Pictures First Quarter Profit Up 76 Percent to $129 Million
2025-08-07 09:23:57,335 | INFO |     └─ Reason: No celebrity matches found
2025-08-07 09:23:57,335 | INFO |  5. ❌ REJECTED | ‘South Park’ Portrays Kristi Noem as a Puppy-Shooting, Face-Melting ICE Villain
2025-08-07 09:23:57,335 | INFO |     └─ Reason: No celebrity matches found
2025-08-07 09:23:57,335 | INFO |  6. ❌ REJECTED | Is Miami the Most Underrated ‘Real Housewives’ Franchise? NBCU Unscripted Exec a...
2025-08-07 09:23:57,335 | INFO |     └─ Reason: No celebrity matches found
2025-08-07 09:23:57,336 | INFO |  7. ❌ REJECTED | Lady Gaga’s ‘Wednesday’ Song Will Feature a Tim Burton-Directed Music Video
2025-08-07 09:23:57,336 | INFO |     └─ Reason: No celebrity matches found
2025-08-07 09:23:57,336 | INFO |  8. ❌ REJECTED | BaubleBar’s Summer Jewelry Sale Has Arrived: Save Up to Half Off Taylor Swift’s ...
2025-08-07 09:23:57,336 | INFO |     └─ Reason: Already processed (duplicate ID)
2025-08-07 09:23:57,336 | INFO |  9. ❌ REJECTED | Assistant Director Clark Credle Opens Up About Stroke Recovery, Capturing Legacy...
2025-08-07 09:23:57,336 | INFO |     └─ Reason: No celebrity matches found
2025-08-07 09:23:57,336 | INFO | 10. ❌ REJECTED | Paramount Co-CEO Brian Robbins Shares Farewell Memo as Skydance Deal Closes
2025-08-07 09:23:57,336 | INFO |     └─ Reason: No celebrity matches found
2025-08-07 09:23:57,930 | INFO | 
============================================================
2025-08-07 09:23:57,930 | INFO | FEED: DEADLINE
2025-08-07 09:23:57,930 | INFO | Total articles fetched: 12
2025-08-07 09:23:57,930 | INFO | Accepted: 0, Rejected: 12
2025-08-07 09:23:57,930 | INFO | ============================================================
2025-08-07 09:23:57,930 | INFO |  1. ❌ REJECTED | Streamers Forego Spotlight Sessions At This Year’s Edinburgh TV Festival
2025-08-07 09:23:57,930 | INFO |     └─ Reason: No celebrity matches found
2025-08-07 09:23:57,930 | INFO |  2. ❌ REJECTED | Daniel Mays To Play Serial Rapist John Worboys In ITV Drama ‘Believe Me’ Opposit...
2025-08-07 09:23:57,930 | INFO |     └─ Reason: No celebrity matches found
2025-08-07 09:23:57,930 | INFO |  3. ❌ REJECTED | ‘Damned If You Do’ Trailer: Gianni Di Gregorio’s Comedic Reflection On Love & Fa...
2025-08-07 09:23:57,930 | INFO |     └─ Reason: No celebrity matches found
2025-08-07 09:23:57,930 | INFO |  4. ❌ REJECTED | Female BBC Presenter Allegedly Showed Unwanted Explicit Image To Colleague
2025-08-07 09:23:57,930 | INFO |     └─ Reason: No celebrity matches found
2025-08-07 09:23:57,930 | INFO |  5. ❌ REJECTED | Sony Pictures Sees Profit Jump In June Quarter On TV Series Deliveries; Theatric...
2025-08-07 09:23:57,930 | INFO |     └─ Reason: No celebrity matches found
2025-08-07 09:23:57,930 | INFO |  6. ❌ REJECTED | Chappell Roan Expects Second Album To Take “At Least” Five Years
2025-08-07 09:23:57,930 | INFO |     └─ Reason: Already processed (duplicate ID)
2025-08-07 09:23:57,930 | INFO |  7. ❌ REJECTED | Al Calderon Addresses Leaving ‘Days Of Our Lives’: “It’s Not Goodbye, Just See Y...
2025-08-07 09:23:57,930 | INFO |     └─ Reason: No celebrity matches found
2025-08-07 09:23:57,930 | INFO |  8. ❌ REJECTED | ‘South Park’ Lets Loose With A Trump, Satan & JD Vance Ménage À Trois, ICE Raidi...
2025-08-07 09:23:57,930 | INFO |     └─ Reason: Already processed (duplicate ID)
2025-08-07 09:23:57,931 | INFO |  9. ❌ REJECTED | Kelly Clarkson Taking Break From Las Vegas Residency Amid Family Emergency
2025-08-07 09:23:57,931 | INFO |     └─ Reason: No celebrity matches found
2025-08-07 09:23:57,931 | INFO | 10. ❌ REJECTED | ‘Days Of Our Lives’ Actor Cary Christopher Joins ‘Lanterns’ DC Series At HBO
2025-08-07 09:23:57,931 | INFO |     └─ Reason: No celebrity matches found
2025-08-07 09:23:57,931 | INFO | 11. ❌ REJECTED | George Clooney Praises Adam Sandler As Not “Just Some Goofy Comedian” In ‘Jay Ke...
2025-08-07 09:23:57,931 | INFO |     └─ Reason: No celebrity matches found
2025-08-07 09:23:57,931 | INFO | 12. ❌ REJECTED | Ramsey Naito To Remain Paramount Animation Head; Skydance Animation Stays Solo P...
2025-08-07 09:23:57,931 | INFO |     └─ Reason: No celebrity matches found
2025-08-07 09:23:58,534 | INFO | 
============================================================
2025-08-07 09:23:58,534 | INFO | FEED: PAGE_SIX
2025-08-07 09:23:58,534 | INFO | Total articles fetched: 10
2025-08-07 09:23:58,534 | INFO | Accepted: 0, Rejected: 10
2025-08-07 09:23:58,535 | INFO | ============================================================
2025-08-07 09:23:58,535 | INFO |  1. ❌ REJECTED | Kelly Clarkson abruptly cancels Las Vegas residency shows for the second time: ‘...
2025-08-07 09:23:58,535 | INFO |     └─ Reason: No celebrity matches found
2025-08-07 09:23:58,535 | INFO |  2. ❌ REJECTED | Hulk Hogan’s daughter Brooke threatens legal action against his camp: ‘I’m not t...
2025-08-07 09:23:58,535 | INFO |     └─ Reason: Already processed (duplicate ID)
2025-08-07 09:23:58,535 | INFO |  3. ❌ REJECTED | Bella Hadid wows in plunging silk dress and jewels in stunning new snapshots: ‘O...
2025-08-07 09:23:58,535 | INFO |     └─ Reason: No celebrity matches found
2025-08-07 09:23:58,535 | INFO |  4. ❌ REJECTED | Bikini-clad Jessica Alba spends time with family as Danny Ramirez romance heats ...
2025-08-07 09:23:58,535 | INFO |     └─ Reason: No celebrity matches found
2025-08-07 09:23:58,535 | INFO |  5. ❌ REJECTED | Fox News’ Jesse Watters claims A-list actor once verbally insulted him at the ai...
2025-08-07 09:23:58,535 | INFO |     └─ Reason: No celebrity matches found
2025-08-07 09:23:58,535 | INFO |  6. ❌ REJECTED | Why Kelly Ripa has been absent from ‘Live with Kelly & Mark’
2025-08-07 09:23:58,535 | INFO |     └─ Reason: No celebrity matches found
2025-08-07 09:23:58,535 | INFO |  7. ❌ REJECTED | Denise Richards’ daughter Sami Sheen claims she ‘almost got sex-trafficked’ whil...
2025-08-07 09:23:58,535 | INFO |     └─ Reason: Already processed (duplicate ID)
2025-08-07 09:23:58,535 | INFO |  8. ❌ REJECTED | Blake Lively rips blogger Perez Hilton for posting more than 500 ‘disparaging’ s...
2025-08-07 09:23:58,535 | INFO |     └─ Reason: Already processed (duplicate ID)
2025-08-07 09:23:58,535 | INFO |  9. ❌ REJECTED | New Balance sneakers are up to 40% off — including styles stars like Hailey Bieb...
2025-08-07 09:23:58,535 | INFO |     └─ Reason: Already processed (duplicate ID)
2025-08-07 09:23:58,535 | INFO | 10. ❌ REJECTED | Apple Martin, 21, is mom Gwyneth Paltrow’s twin in tiny gingham bikini
2025-08-07 09:23:58,535 | INFO |     └─ Reason: No celebrity matches found
2025-08-07 09:23:59,325 | INFO | 
============================================================
2025-08-07 09:23:59,325 | INFO | FEED: HUFFPOST_ENTERTAINMENT
2025-08-07 09:23:59,325 | INFO | Total articles fetched: 17
2025-08-07 09:23:59,325 | INFO | Accepted: 2, Rejected: 15
2025-08-07 09:23:59,325 | INFO | ============================================================
2025-08-07 09:23:59,325 | INFO |  1. ❌ REJECTED | John Cena Reveals Why He Put Off A Hair Transplant For So Long
2025-08-07 09:23:59,325 | INFO |     └─ Reason: No celebrity matches found
2025-08-07 09:23:59,325 | INFO |  2. ✅ ACCEPTED | Dave Franco Can't Help But Squirm When Asked If He'd Play Luigi Mangione
2025-08-07 09:23:59,325 | INFO |     └─ Celebrities: andy cohen
2025-08-07 09:23:59,326 | INFO |  3. ✅ ACCEPTED | Scandal-Ridden Wrestling Legend Hulk Hogan Laid To Rest In Florida
2025-08-07 09:23:59,326 | INFO |     └─ Celebrities: hogan, hulk hogan
2025-08-07 09:23:59,326 | INFO |  4. ❌ REJECTED | Sharon Stone Says She Told Michael Douglas To 'Step Outside' In Heated Fight
2025-08-07 09:23:59,326 | INFO |     └─ Reason: No celebrity matches found
2025-08-07 09:23:59,326 | INFO |  5. ❌ REJECTED | Seth Meyers Absolutely Loses It Over 1 Element Of Modern Life
2025-08-07 09:23:59,326 | INFO |     └─ Reason: No celebrity matches found
2025-08-07 09:23:59,326 | INFO |  6. ❌ REJECTED | 'Just Plain Dumb': Stephen Colbert Exposes Trump's Most Baffling Stunt Yet
2025-08-07 09:23:59,326 | INFO |     └─ Reason: Already processed (duplicate ID)
2025-08-07 09:23:59,326 | INFO |  7. ❌ REJECTED | ‘South Park’ Escalates Feud With Trump Administration With 5 Brutally Blunt Word...
2025-08-07 09:23:59,326 | INFO |     └─ Reason: Already processed (duplicate ID)
2025-08-07 09:23:59,326 | INFO |  8. ❌ REJECTED | John Oliver Shares His Blunt Reaction To Jay Leno's Politics-In-Comedy Advice
2025-08-07 09:23:59,326 | INFO |     └─ Reason: No celebrity matches found
2025-08-07 09:23:59,326 | INFO |  9. ❌ REJECTED | Drake Gushed Over Gracie Abrams In A ‘Weird’ Post, And Social Media Users Are Si...
2025-08-07 09:23:59,326 | INFO |     └─ Reason: Already processed (duplicate ID)
2025-08-07 09:23:59,326 | INFO | 10. ❌ REJECTED | 2000s Heartthrob Admits Live On ‘Today’ That He Pooped His Pants During An Audit...
2025-08-07 09:23:59,326 | INFO |     └─ Reason: No celebrity matches found
2025-08-07 09:23:59,326 | INFO | 11. ❌ REJECTED | Calvin Harris Shares A Wildly Unexpected Photo After His Wife Vick Hope Has A Ba...
2025-08-07 09:23:59,326 | INFO |     └─ Reason: No celebrity matches found
2025-08-07 09:23:59,326 | INFO | 12. ❌ REJECTED | George Clooney Has 5 Words For Critics Who Say He Always Plays Himself
2025-08-07 09:23:59,326 | INFO |     └─ Reason: No celebrity matches found
2025-08-07 09:23:59,326 | INFO | 13. ❌ REJECTED | Jamie Lee Curtis Gets Unexpectedly Emotional Over Rumored New Couple
2025-08-07 09:23:59,327 | INFO |     └─ Reason: No celebrity matches found
2025-08-07 09:23:59,327 | INFO | 14. ❌ REJECTED | Megyn Kelly’s Defense of Sydney Sweeney Proves Beyoncé Lives Rent-Free in Her He...
2025-08-07 09:23:59,327 | INFO |     └─ Reason: Already processed (duplicate ID)
2025-08-07 09:23:59,327 | INFO | 15. ❌ REJECTED | Ozzy Osbourne's Cause Of Death Comes To Light
2025-08-07 09:23:59,327 | INFO |     └─ Reason: Already processed (duplicate ID)
2025-08-07 09:23:59,327 | INFO | 16. ❌ REJECTED | ‘Real Housewives’ Star Wonders If Stage 4 Cancer Was 'Payback' For Her Rumored A...
2025-08-07 09:23:59,327 | INFO |     └─ Reason: No celebrity matches found
2025-08-07 09:23:59,327 | INFO | 17. ❌ REJECTED | Jimmy Fallon’s Focus Group Troll Of Donald Trump Takes A Filthy Turn
2025-08-07 09:23:59,327 | INFO |     └─ Reason: Already processed (duplicate ID)
2025-08-07 09:24:00,359 | INFO | 
============================================================
2025-08-07 09:24:00,359 | INFO | FEED: DAILY_MAIL
2025-08-07 09:24:00,359 | INFO | Total articles fetched: 20
2025-08-07 09:24:00,359 | INFO | Accepted: 4, Rejected: 16
2025-08-07 09:24:00,359 | INFO | ============================================================
2025-08-07 09:24:00,359 | INFO |  1. ❌ REJECTED | Molly-Mae Hague FINALLY has something to smile about as she claims she's had her...
2025-08-07 09:24:00,359 | INFO |     └─ Reason: No celebrity matches found
2025-08-07 09:24:00,359 | INFO |  2. ❌ REJECTED | Water park horror leaves boy, six, with ruptured liver when woman flies off slid...
2025-08-07 09:24:00,359 | INFO |     └─ Reason: No celebrity matches found
2025-08-07 09:24:00,359 | INFO |  3. ✅ ACCEPTED | Rod Stewart's controversial AI tribute of Ozzy Osbourne with late stars includin...
2025-08-07 09:24:00,359 | INFO |     └─ Celebrities: ozzy osbourne, rod stewart
2025-08-07 09:24:00,359 | INFO |  4. ❌ REJECTED | Richard Osman reveals how game shows STOP contestants from winning big money jac...
2025-08-07 09:24:00,359 | INFO |     └─ Reason: No celebrity matches found
2025-08-07 09:24:00,359 | INFO |  5. ❌ REJECTED | World's longest suspension bridge to be built between Italy and Sicily - with £1...
2025-08-07 09:24:00,359 | INFO |     └─ Reason: No celebrity matches found
2025-08-07 09:24:00,359 | INFO |  6. ❌ REJECTED | Father says family had to take their £4,000 Lanzarote holiday without him after ...
2025-08-07 09:24:00,360 | INFO |     └─ Reason: No celebrity matches found
2025-08-07 09:24:00,360 | INFO |  7. ✅ ACCEPTED | Putin and Trump to meet 'in the coming days', Kremlin aide confirms as Zelenskyy...
2025-08-07 09:24:00,360 | INFO |     └─ Celebrities: trump
2025-08-07 09:24:00,360 | INFO |  8. ❌ REJECTED | First small boat migrants detained in Dover under new 'one-in, one-out' deal wit...
2025-08-07 09:24:00,360 | INFO |     └─ Reason: No celebrity matches found
2025-08-07 09:24:00,360 | INFO |  9. ✅ ACCEPTED | Putin steps up Ukrainian bombing in clearest sign yet he plans to IGNORE Trump's...
2025-08-07 09:24:00,360 | INFO |     └─ Celebrities: trump
2025-08-07 09:24:00,360 | INFO | 10. ❌ REJECTED | Fury over Oxford Street phone theft redesign as shoppers call for more police in...
2025-08-07 09:24:00,360 | INFO |     └─ Reason: No celebrity matches found
2025-08-07 09:24:00,360 | INFO | 11. ✅ ACCEPTED | JD Vance will stay at David Lammy's Grade I listed mansion during British 'MAGA ...
2025-08-07 09:24:00,360 | INFO |     └─ Celebrities: jd vance
2025-08-07 09:24:00,360 | INFO | 12. ❌ REJECTED | Brits urged to prepare for 'one of the biggest public safety exercises in UK his...
2025-08-07 09:24:00,360 | INFO |     └─ Reason: No celebrity matches found
2025-08-07 09:24:00,360 | INFO | 13. ❌ REJECTED | Two wives battle it out over dead British accountant's £1.8m fortune after he ma...
2025-08-07 09:24:00,360 | INFO |     └─ Reason: No celebrity matches found
2025-08-07 09:24:00,360 | INFO | 14. ❌ REJECTED | Woman sues company after they paid her for 20 years - but didn't give her anythi...
2025-08-07 09:24:00,360 | INFO |     └─ Reason: No celebrity matches found
2025-08-07 09:24:00,360 | INFO | 15. ❌ REJECTED | Boss of world's richest travel firm proposes lotteries in popular destinations t...
2025-08-07 09:24:00,360 | INFO |     └─ Reason: No celebrity matches found
2025-08-07 09:24:00,360 | INFO | 16. ❌ REJECTED | Spanish town bans Muslim religious festivals deemed 'alien to our identity'
2025-08-07 09:24:00,360 | INFO |     └─ Reason: No celebrity matches found
2025-08-07 09:24:00,360 | INFO | 17. ❌ REJECTED | British mother whose A-list, celeb-linked father-in-law 'tried to drown her in a...
2025-08-07 09:24:00,360 | INFO |     └─ Reason: No celebrity matches found
2025-08-07 09:24:00,360 | INFO | 18. ❌ REJECTED | Exposed: Millionaire with two wives who unleashed terror in the sky by threateni...
2025-08-07 09:24:00,360 | INFO |     └─ Reason: No celebrity matches found
2025-08-07 09:24:00,360 | INFO | 19. ❌ REJECTED | Moment drunken yobs spark emergency at 30,000 feet by refusing to stop vaping - ...
2025-08-07 09:24:00,360 | INFO |     └─ Reason: No celebrity matches found
2025-08-07 09:24:00,361 | INFO | 20. ❌ REJECTED | How I knocked a DECADE off my age with the anti-ageing make-up tricks experts sw...
2025-08-07 09:24:00,361 | INFO |     └─ Reason: No celebrity matches found
2025-08-07 09:24:00,954 | INFO | 
============================================================
2025-08-07 09:24:00,955 | INFO | FEED: ROLLING_STONE
2025-08-07 09:24:00,955 | INFO | Total articles fetched: 10
2025-08-07 09:24:00,955 | INFO | Accepted: 0, Rejected: 10
2025-08-07 09:24:00,955 | INFO | ============================================================
2025-08-07 09:24:00,955 | INFO |  1. ❌ REJECTED | Stephen Colbert Calls RFK Jr. ‘Roid-Addled Nepo-Carnie’ After Cutting Vaccine Fu...
2025-08-07 09:24:00,955 | INFO |     └─ Reason: Already processed (duplicate ID)
2025-08-07 09:24:00,955 | INFO |  2. ❌ REJECTED | Abbey Road Music Photography Awards to Honor Anton Corbijn With Icon Award
2025-08-07 09:24:00,955 | INFO |     └─ Reason: Already processed (duplicate ID)
2025-08-07 09:24:00,955 | INFO |  3. ❌ REJECTED | Selena Gomez Feels ‘So Sure’ About Her Relationship With Benny Blanco
2025-08-07 09:24:00,955 | INFO |     └─ Reason: Already processed (duplicate ID)
2025-08-07 09:24:00,955 | INFO |  4. ❌ REJECTED | The Artist Behind Gunna’s New Album Cover Reveals Symbolic Meaning: ‘He’s Workin...
2025-08-07 09:24:00,955 | INFO |     └─ Reason: Already processed (duplicate ID)
2025-08-07 09:24:00,955 | INFO |  5. ❌ REJECTED | Remembering Eddie Palmieri’s Delightful Tiny Desk Performance
2025-08-07 09:24:00,955 | INFO |     └─ Reason: No celebrity matches found
2025-08-07 09:24:00,955 | INFO |  6. ❌ REJECTED | Kelly Clarkson Says Ex-Husband Is Ill, Postpones Las Vegas Shows
2025-08-07 09:24:00,955 | INFO |     └─ Reason: No celebrity matches found
2025-08-07 09:24:00,955 | INFO |  7. ❌ REJECTED | Eddie Palmieri, Visionary Pianist and Salsa Experimentalist, Dead at 88
2025-08-07 09:24:00,955 | INFO |     └─ Reason: No celebrity matches found
2025-08-07 09:24:00,955 | INFO |  8. ❌ REJECTED | Men Shot Alongside Kodak Black Want $10.6 Million Default Judgment Against Rappe...
2025-08-07 09:24:00,955 | INFO |     └─ Reason: Already processed (duplicate ID)
2025-08-07 09:24:00,955 | INFO |  9. ❌ REJECTED | Mickey Hart on Dead’s 60th Anniversary Shows: ‘I Saw Jerry and Phil and Pigpen H...
2025-08-07 09:24:00,955 | INFO |     └─ Reason: Already processed (duplicate ID)
2025-08-07 09:24:00,955 | INFO | 10. ❌ REJECTED | Son Heung-Min LAFC Jerseys Are Already Available Following Record-Setting Signin...
2025-08-07 09:24:00,955 | INFO |     └─ Reason: No celebrity matches found
2025-08-07 09:24:01,654 | INFO | 
============================================================
2025-08-07 09:24:01,654 | INFO | FEED: BILLBOARD
2025-08-07 09:24:01,654 | INFO | Total articles fetched: 10
2025-08-07 09:24:01,654 | INFO | Accepted: 0, Rejected: 10
2025-08-07 09:24:01,654 | INFO | ============================================================
2025-08-07 09:24:01,654 | INFO |  1. ❌ REJECTED | Selena Gomez Reflects on Mental Health, Meeting Benny Blanco in ‘Therapuss’ Inte...
2025-08-07 09:24:01,654 | INFO |     └─ Reason: Already processed (duplicate ID)
2025-08-07 09:24:01,654 | INFO |  2. ❌ REJECTED | Sony Music Lifts Revenue 5% to $3.22B, Increases Full-Year Forecast
2025-08-07 09:24:01,654 | INFO |     └─ Reason: Already processed (duplicate ID)
2025-08-07 09:24:01,654 | INFO |  3. ❌ REJECTED | Metallica Announce Intimate NYC Show, Address Las Vegas Sphere Rumors
2025-08-07 09:24:01,654 | INFO |     └─ Reason: No celebrity matches found
2025-08-07 09:24:01,655 | INFO |  4. ❌ REJECTED | Kelly Clarkson Postpones August Las Vegas Residency Dates
2025-08-07 09:24:01,655 | INFO |     └─ Reason: No celebrity matches found
2025-08-07 09:24:01,655 | INFO |  5. ❌ REJECTED | Eddie Palmieri, Legendary Pianist, Composer & Bandleader, Dies at 88
2025-08-07 09:24:01,655 | INFO |     └─ Reason: No celebrity matches found
2025-08-07 09:24:01,655 | INFO |  6. ❌ REJECTED | Nogizaka46’s ‘Same numbers’ Hits No. 1, ENHYPEN’s ‘Shine on Me’ Follows at No. 2...
2025-08-07 09:24:01,655 | INFO |     └─ Reason: No celebrity matches found
2025-08-07 09:24:01,655 | INFO |  7. ❌ REJECTED | Chappell Roan Rides ‘The Subway’ to First Post-Release Performance & Admits She’...
2025-08-07 09:24:01,655 | INFO |     └─ Reason: Already processed (duplicate ID)
2025-08-07 09:24:01,655 | INFO |  8. ❌ REJECTED | Luke Combs Was Once Forced to Choose Between Music & A College Frat: ‘I Made the...
2025-08-07 09:24:01,655 | INFO |     └─ Reason: No celebrity matches found
2025-08-07 09:24:01,655 | INFO |  9. ❌ REJECTED | Additional Performers Added to ACM Honors, Joining Luke Bryan & More
2025-08-07 09:24:01,655 | INFO |     └─ Reason: No celebrity matches found
2025-08-07 09:24:01,655 | INFO | 10. ❌ REJECTED | Teyana Taylor to Undergo Vocal Cord Surgery After Noncancerous Growth Discovered...
2025-08-07 09:24:01,655 | INFO |     └─ Reason: No celebrity matches found
2025-08-07 09:24:02,345 | INFO | 
============================================================
2025-08-07 09:24:02,346 | INFO | FEED: ELLE_ALT
2025-08-07 09:24:02,346 | INFO | Total articles fetched: 20
2025-08-07 09:24:02,346 | INFO | Accepted: 0, Rejected: 20
2025-08-07 09:24:02,346 | INFO | ============================================================
2025-08-07 09:24:02,346 | INFO |  1. ❌ REJECTED | Pisces Daily Horoscope
2025-08-07 09:24:02,346 | INFO |     └─ Reason: No celebrity matches found
2025-08-07 09:24:02,346 | INFO |  2. ❌ REJECTED | The Summer I Turned Pretty Season 3, Episode 5 Recap: How Conrad Sees Belly
2025-08-07 09:24:02,346 | INFO |     └─ Reason: No celebrity matches found
2025-08-07 09:24:02,346 | INFO |  3. ❌ REJECTED | Kim Kardashian and Hailey Bieber’s Esthetician Shares Her Surprisingly Simple Sk...
2025-08-07 09:24:02,346 | INFO |     └─ Reason: Already processed (duplicate ID)
2025-08-07 09:24:02,346 | INFO |  4. ❌ REJECTED | Madewell’s Secret Sale Has Everything You Need for the End of Summer
2025-08-07 09:24:02,346 | INFO |     └─ Reason: No celebrity matches found
2025-08-07 09:24:02,346 | INFO |  5. ❌ REJECTED | All About Brittany Snow’s Rumored Boyfriend, Hunter Moreno
2025-08-07 09:24:02,346 | INFO |     └─ Reason: No celebrity matches found
2025-08-07 09:24:02,346 | INFO |  6. ❌ REJECTED | The Wait for Wednesday Season 2, Part 2 Isn’t as Long as You Think It Is
2025-08-07 09:24:02,346 | INFO |     └─ Reason: No celebrity matches found
2025-08-07 09:24:02,346 | INFO |  7. ❌ REJECTED | Sources Reveal If Britney Spears Is Actually Planning a 2025 MTV VMAs Performanc...
2025-08-07 09:24:02,346 | INFO |     └─ Reason: No celebrity matches found
2025-08-07 09:24:02,346 | INFO |  8. ❌ REJECTED | Look Inside Dior’s New Luxury Spa in New York City
2025-08-07 09:24:02,346 | INFO |     └─ Reason: No celebrity matches found
2025-08-07 09:24:02,346 | INFO |  9. ❌ REJECTED | Wicked: For Good: What We Know About the Movie-Musical Sequel
2025-08-07 09:24:02,346 | INFO |     └─ Reason: No celebrity matches found
2025-08-07 09:24:02,346 | INFO | 10. ❌ REJECTED | Selena Gomez Cements Capris As the Perfect Summer Pant
2025-08-07 09:24:02,346 | INFO |     └─ Reason: Already processed (duplicate ID)
2025-08-07 09:24:02,347 | INFO | 11. ❌ REJECTED | Katy and Justin, Pamela and Liam: Astrologers Explain Why So Many Surprising Cel...
2025-08-07 09:24:02,347 | INFO |     └─ Reason: Already processed (duplicate ID)
2025-08-07 09:24:02,347 | INFO | 12. ❌ REJECTED | The Best Street Style Trends to Copy from Copenhagen Fashion Week
2025-08-07 09:24:02,347 | INFO |     └─ Reason: No celebrity matches found
2025-08-07 09:24:02,347 | INFO | 13. ❌ REJECTED | Rihanna Just Wore Her Best Maternity Look Yet
2025-08-07 09:24:02,347 | INFO |     └─ Reason: No celebrity matches found
2025-08-07 09:24:02,347 | INFO | 14. ❌ REJECTED | How Pamela Anderson and Liam Neeson Slowly Fell for Each Other: He Was ‘Smitten’...
2025-08-07 09:24:02,347 | INFO |     └─ Reason: Already processed (duplicate ID)
2025-08-07 09:24:02,347 | INFO | 15. ❌ REJECTED | A New Wave of Hair Growth Treatments Has Arrived
2025-08-07 09:24:02,347 | INFO |     └─ Reason: No celebrity matches found
2025-08-07 09:24:02,347 | INFO | 16. ❌ REJECTED | The Launch: Fashion News to Know This August
2025-08-07 09:24:02,347 | INFO |     └─ Reason: No celebrity matches found
2025-08-07 09:24:02,347 | INFO | 17. ❌ REJECTED | Taylor Swift and Travis Kelce Reportedly Took a Major Step in Their Relationship
2025-08-07 09:24:02,347 | INFO |     └─ Reason: Already processed (duplicate ID)
2025-08-07 09:24:02,347 | INFO | 18. ❌ REJECTED | Katie Holmes and Joshua Jackson’s Complete Relationship Timeline
2025-08-07 09:24:02,347 | INFO |     └─ Reason: No celebrity matches found
2025-08-07 09:24:02,347 | INFO | 19. ❌ REJECTED | Nick Jonas and Priyanka Chopra’s Complete Relationship Timeline
2025-08-07 09:24:02,347 | INFO |     └─ Reason: No celebrity matches found
2025-08-07 09:24:02,347 | INFO | 20. ❌ REJECTED | All About Christopher Briney’s Girlfriend, Isabel Machado
2025-08-07 09:24:02,347 | INFO |     └─ Reason: No celebrity matches found
2025-08-07 09:24:02,928 | INFO | 
============================================================
2025-08-07 09:24:02,928 | INFO | FEED: VOGUE_ALT
2025-08-07 09:24:02,928 | INFO | Total articles fetched: 20
2025-08-07 09:24:02,928 | INFO | Accepted: 2, Rejected: 18
2025-08-07 09:24:02,928 | INFO | ============================================================
2025-08-07 09:24:02,928 | INFO |  1. ✅ ACCEPTED | Kylie Jenner Has Already Nailed Her Perfect Fall Outfit
2025-08-07 09:24:02,928 | INFO |     └─ Celebrities: jenner, kylie jenner
2025-08-07 09:24:02,928 | INFO |  2. ✅ ACCEPTED | Lauren Sánchez Bezos Swaps One Key Summer Vacation Style Staple for Another
2025-08-07 09:24:02,928 | INFO |     └─ Celebrities: super
2025-08-07 09:24:02,928 | INFO |  3. ❌ REJECTED | The Royal Danish Academy Copenhagen Spring 2026
2025-08-07 09:24:02,928 | INFO |     └─ Reason: No celebrity matches found
2025-08-07 09:24:02,928 | INFO |  4. ❌ REJECTED | Fermented Food Rewired My Gut (And My Life)
2025-08-07 09:24:02,928 | INFO |     └─ Reason: No celebrity matches found
2025-08-07 09:24:02,928 | INFO |  5. ❌ REJECTED | Kylie Jenner Wears a “Deep '90s French” Manicure
2025-08-07 09:24:02,928 | INFO |     └─ Reason: Already processed (duplicate ID)
2025-08-07 09:24:02,928 | INFO |  6. ❌ REJECTED | Was a 2020s Carrie Bradshaw Ever Really Going to Satisfy Us?
2025-08-07 09:24:02,928 | INFO |     └─ Reason: No celebrity matches found
2025-08-07 09:24:02,929 | INFO |  7. ❌ REJECTED | Sunflower Copenhagen Spring 2026
2025-08-07 09:24:02,929 | INFO |     └─ Reason: No celebrity matches found
2025-08-07 09:24:02,929 | INFO |  8. ❌ REJECTED | Baum und Pferdgarten Copenhagen Spring 2026
2025-08-07 09:24:02,929 | INFO |     └─ Reason: No celebrity matches found
2025-08-07 09:24:02,929 | INFO |  9. ❌ REJECTED | Is Meghan Markle’s “As Ever” Rosé Actually Good?
2025-08-07 09:24:02,929 | INFO |     └─ Reason: Already processed (duplicate ID)
2025-08-07 09:24:02,929 | INFO | 10. ❌ REJECTED | 8 Celebrity-Approved Sneakers to Shop in 2025
2025-08-07 09:24:02,929 | INFO |     └─ Reason: No celebrity matches found
2025-08-07 09:24:02,929 | INFO | 11. ❌ REJECTED | Callas Milano Fall 2025 Ready-to-Wear
2025-08-07 09:24:02,929 | INFO |     └─ Reason: No celebrity matches found
2025-08-07 09:24:02,929 | INFO | 12. ❌ REJECTED | Henrik Vibskov Copenhagen Spring 2026
2025-08-07 09:24:02,929 | INFO |     └─ Reason: No celebrity matches found
2025-08-07 09:24:02,929 | INFO | 13. ❌ REJECTED | The Fall 2025 Handbag Trends to Know Now
2025-08-07 09:24:02,929 | INFO |     └─ Reason: No celebrity matches found
2025-08-07 09:24:02,929 | INFO | 14. ❌ REJECTED | Cara Delevingne’s Birthday Bash Brought Out an A-List Crowd
2025-08-07 09:24:02,929 | INFO |     └─ Reason: Already processed (duplicate ID)
2025-08-07 09:24:02,929 | INFO | 15. ❌ REJECTED | Stel Copenhagen Spring 2026
2025-08-07 09:24:02,929 | INFO |     └─ Reason: No celebrity matches found
2025-08-07 09:24:02,929 | INFO | 16. ❌ REJECTED | 25+ Best Suede Jackets for Fall 2025
2025-08-07 09:24:02,929 | INFO |     └─ Reason: No celebrity matches found
2025-08-07 09:24:02,929 | INFO | 17. ❌ REJECTED | In Northern Copenhagen, Beaches, Deer Parks, and Fine Dining Await
2025-08-07 09:24:02,929 | INFO |     └─ Reason: No celebrity matches found
2025-08-07 09:24:02,929 | INFO | 18. ❌ REJECTED | Berner Kühl Copenhagen Spring 2026
2025-08-07 09:24:02,930 | INFO |     └─ Reason: No celebrity matches found
2025-08-07 09:24:02,930 | INFO | 19. ❌ REJECTED | MKDT Studio Copenhagen Spring 2026
2025-08-07 09:24:02,930 | INFO |     └─ Reason: No celebrity matches found
2025-08-07 09:24:02,930 | INFO | 20. ❌ REJECTED | Rihanna’s Latest Pregnancy Look Is Her Most Controversial Yet—And Thank God
2025-08-07 09:24:02,930 | INFO |     └─ Reason: No celebrity matches found
2025-08-07 09:24:03,513 | INFO | 
============================================================
2025-08-07 09:24:03,513 | INFO | FEED: PITCHFORK
2025-08-07 09:24:03,514 | INFO | Total articles fetched: 20
2025-08-07 09:24:03,514 | INFO | Accepted: 0, Rejected: 20
2025-08-07 09:24:03,514 | INFO | ============================================================
2025-08-07 09:24:03,514 | INFO |  1. ❌ REJECTED | Open Mike Eagle Adds Tour Dates, Shares New Video: Watch
2025-08-07 09:24:03,514 | INFO |     └─ Reason: No celebrity matches found
2025-08-07 09:24:03,514 | INFO |  2. ❌ REJECTED | Disclosure and Anderson .Paak Share Video for New Song “No Cap”: Watch
2025-08-07 09:24:03,514 | INFO |     └─ Reason: No celebrity matches found
2025-08-07 09:24:03,514 | INFO |  3. ❌ REJECTED | Casey Dienel Announces First Album in Eight Years, Shares Video for New Song: Wa...
2025-08-07 09:24:03,514 | INFO |     └─ Reason: No celebrity matches found
2025-08-07 09:24:03,514 | INFO |  4. ❌ REJECTED | Iceage’s Elias Rønnenfelt, Yung Lean, and Fousheé Join Forces for New Song: List...
2025-08-07 09:24:03,514 | INFO |     └─ Reason: No celebrity matches found
2025-08-07 09:24:03,514 | INFO |  5. ❌ REJECTED | Danger Mouse and MorMor Share New Song “Wonder”: Listen
2025-08-07 09:24:03,514 | INFO |     └─ Reason: No celebrity matches found
2025-08-07 09:24:03,514 | INFO |  6. ❌ REJECTED | Anysia Kym and Tony Seltzer Announce New Album Purity, Share New Video: Watch
2025-08-07 09:24:03,514 | INFO |     └─ Reason: No celebrity matches found
2025-08-07 09:24:03,514 | INFO |  7. ❌ REJECTED | Watch A$AP Rocky in New Trailer for A24 Movie If I Had Legs I’d Kick You
2025-08-07 09:24:03,514 | INFO |     └─ Reason: No celebrity matches found
2025-08-07 09:24:03,514 | INFO |  8. ❌ REJECTED | Spike Lee Details Soundtrack for New Movie Highest 2 Lowest
2025-08-07 09:24:03,514 | INFO |     └─ Reason: No celebrity matches found
2025-08-07 09:24:03,514 | INFO |  9. ❌ REJECTED | Topshelf Records Launches Donation Initiative for Aid in Gaza
2025-08-07 09:24:03,514 | INFO |     └─ Reason: No celebrity matches found
2025-08-07 09:24:03,514 | INFO | 10. ❌ REJECTED | Sony Music Sues Napster Over Missed Royalty Payments
2025-08-07 09:24:03,515 | INFO |     └─ Reason: No celebrity matches found
2025-08-07 09:24:03,515 | INFO | 11. ❌ REJECTED | Freddie Gibbs and the Alchemist Announce North American Tour
2025-08-07 09:24:03,515 | INFO |     └─ Reason: Already processed (duplicate ID)
2025-08-07 09:24:03,515 | INFO | 12. ❌ REJECTED | Terry Reid, Storied British Rocker, Dies at 75
2025-08-07 09:24:03,515 | INFO |     └─ Reason: No celebrity matches found
2025-08-07 09:24:03,515 | INFO | 13. ❌ REJECTED | Listen to Big Thief’s New Songs “Los Angeles” and “Grandmother”
2025-08-07 09:24:03,515 | INFO |     └─ Reason: No celebrity matches found
2025-08-07 09:24:03,515 | INFO | 14. ❌ REJECTED | Ela Minus Announces Tour Dates, Shares Nick León Remixes of “QQQQ”: Listen
2025-08-07 09:24:03,515 | INFO |     └─ Reason: No celebrity matches found
2025-08-07 09:24:03,515 | INFO | 15. ❌ REJECTED | Joan Shelley Announces New Album Real Warmth, Shares New Song “Everybody”: Liste...
2025-08-07 09:24:03,515 | INFO |     └─ Reason: No celebrity matches found
2025-08-07 09:24:03,515 | INFO | 16. ❌ REJECTED | MTV VMAs 2025 Nominees Announced: See the Full List Here
2025-08-07 09:24:03,515 | INFO |     └─ Reason: Already processed (duplicate ID)
2025-08-07 09:24:03,515 | INFO | 17. ❌ REJECTED | Ozzy Osbourne’s Cause of Death Revealed to Be a Heart Attack
2025-08-07 09:24:03,515 | INFO |     └─ Reason: Already processed (duplicate ID)
2025-08-07 09:24:03,515 | INFO | 18. ❌ REJECTED | The Jesus Lizard Cancel 2025 Tour Due to “Serious Health Incident”
2025-08-07 09:24:03,515 | INFO |     └─ Reason: No celebrity matches found
2025-08-07 09:24:03,515 | INFO | 19. ❌ REJECTED | Watch Hayley Williams’ New Video for “Ego Death at a Bachelorette Party”
2025-08-07 09:24:03,515 | INFO |     └─ Reason: No celebrity matches found
2025-08-07 09:24:03,515 | INFO | 20. ❌ REJECTED | Nick Cave and Warren Ellis to Score TV Adaptation of The Death of Bunny Munro
2025-08-07 09:24:03,515 | INFO |     └─ Reason: No celebrity matches found
2025-08-07 09:24:04,223 | INFO | 
============================================================
2025-08-07 09:24:04,223 | INFO | FEED: HIGHSNOBIETY
2025-08-07 09:24:04,223 | INFO | Total articles fetched: 16
2025-08-07 09:24:04,223 | INFO | Accepted: 0, Rejected: 16
2025-08-07 09:24:04,223 | INFO | ============================================================
2025-08-07 09:24:04,223 | INFO |  1. ❌ REJECTED | A Summer To Remember for Stylish Fishermen
2025-08-07 09:24:04,223 | INFO |     └─ Reason: No celebrity matches found
2025-08-07 09:24:04,223 | INFO |  2. ❌ REJECTED | Nike's All-New Phoenix Shoe Rises Outta the Air Max Ashes
2025-08-07 09:24:04,223 | INFO |     └─ Reason: No celebrity matches found
2025-08-07 09:24:04,223 | INFO |  3. ❌ REJECTED | Nike's 3D-Printed Air Max Sneaker Isn't on 10. It's On 1000
2025-08-07 09:24:04,223 | INFO |     └─ Reason: No celebrity matches found
2025-08-07 09:24:04,223 | INFO |  4. ❌ REJECTED | To Prepare for Its Future, a Dior Flagship Looks to Its Past (EXCLUSIVE)
2025-08-07 09:24:04,223 | INFO |     └─ Reason: No celebrity matches found
2025-08-07 09:24:04,223 | INFO |  5. ❌ REJECTED | This Isn't Abstract Art: It's Vans' Super-Luxe Painted Skate Shoe
2025-08-07 09:24:04,223 | INFO |     └─ Reason: Already processed (duplicate ID)
2025-08-07 09:24:04,223 | INFO |  6. ❌ REJECTED | J.Lindeberg x Kangol's Culture-Shifting Crossover is Par For The Course
2025-08-07 09:24:04,224 | INFO |     └─ Reason: No celebrity matches found
2025-08-07 09:24:04,224 | INFO |  7. ❌ REJECTED | This Semi-Streetwear Pioneer Is Nearly a Quarter-Century Old — It's Time to Grow...
2025-08-07 09:24:04,224 | INFO |     └─ Reason: No celebrity matches found
2025-08-07 09:24:04,224 | INFO |  8. ❌ REJECTED | Sonic the Hedgehog But Wearing Timbs
2025-08-07 09:24:04,224 | INFO |     └─ Reason: No celebrity matches found
2025-08-07 09:24:04,224 | INFO |  9. ❌ REJECTED | 10 Pairs of Sunglasses to Get You Through Summer
2025-08-07 09:24:04,224 | INFO |     └─ Reason: No celebrity matches found
2025-08-07 09:24:04,224 | INFO | 10. ❌ REJECTED | Only Roger Federer Makes Tennis Shoes Literally Fire
2025-08-07 09:24:04,224 | INFO |     └─ Reason: No celebrity matches found
2025-08-07 09:24:04,224 | INFO | 11. ❌ REJECTED | The Most Ironic Collab In Watches
2025-08-07 09:24:04,224 | INFO |     └─ Reason: No celebrity matches found
2025-08-07 09:24:04,224 | INFO | 12. ❌ REJECTED | Nike Made Wavy Waterproof Crocs With Grip
2025-08-07 09:24:04,224 | INFO |     └─ Reason: No celebrity matches found
2025-08-07 09:24:04,224 | INFO | 13. ❌ REJECTED | TBH, Nike's Cutie-Patootie Sock Shoe Actually Goes Hard
2025-08-07 09:24:04,224 | INFO |     └─ Reason: Already processed (duplicate ID)
2025-08-07 09:24:04,224 | INFO | 14. ❌ REJECTED | Nike Turned a Sporty Classic Into Premium Leather Throwback
2025-08-07 09:24:04,224 | INFO |     └─ Reason: No celebrity matches found
2025-08-07 09:24:04,224 | INFO | 15. ❌ REJECTED | A Techy New Balance Skate Shoe That's Part Drum Machine
2025-08-07 09:24:04,224 | INFO |     └─ Reason: No celebrity matches found
2025-08-07 09:24:04,224 | INFO | 16. ❌ REJECTED | When the Clothes Become Too Normie, Accessories Go Kooky...
2025-08-07 09:24:04,224 | INFO |     └─ Reason: No celebrity matches found
2025-08-07 09:24:04,864 | INFO | 
============================================================
2025-08-07 09:24:04,865 | INFO | FEED: SNEAKER_NEWS
2025-08-07 09:24:04,865 | INFO | Total articles fetched: 7
2025-08-07 09:24:04,865 | INFO | Accepted: 0, Rejected: 7
2025-08-07 09:24:04,865 | INFO | ============================================================
2025-08-07 09:24:04,865 | INFO |  1. ❌ REJECTED | The adidas DON Issue #7 Checks Off Essential “Cloud White”
2025-08-07 09:24:04,865 | INFO |     └─ Reason: No celebrity matches found
2025-08-07 09:24:04,865 | INFO |  2. ❌ REJECTED | Nike Gilds The Shox R4 In “Metallic Gold”
2025-08-07 09:24:04,865 | INFO |     └─ Reason: No celebrity matches found
2025-08-07 09:24:04,865 | INFO |  3. ❌ REJECTED | The Air Jordan 1 Low Revisits “Turquoise Stone”
2025-08-07 09:24:04,865 | INFO |     └─ Reason: No celebrity matches found
2025-08-07 09:24:04,865 | INFO |  4. ❌ REJECTED | It’s Goadome Season: Nike’s Popular Air Max Boot Is Back
2025-08-07 09:24:04,865 | INFO |     └─ Reason: No celebrity matches found
2025-08-07 09:24:04,865 | INFO |  5. ❌ REJECTED | The Nike Air Max Dn Explores Oystershell Patterns In Black And Grey
2025-08-07 09:24:04,865 | INFO |     └─ Reason: No celebrity matches found
2025-08-07 09:24:04,865 | INFO |  6. ❌ REJECTED | Taste The Blast With The Gushers x Crocs Classic Clog
2025-08-07 09:24:04,865 | INFO |     └─ Reason: No celebrity matches found
2025-08-07 09:24:04,865 | INFO |  7. ❌ REJECTED | adidas Is Dropping A $250 Made-In-Germany Superstar
2025-08-07 09:24:04,865 | INFO |     └─ Reason: No celebrity matches found
2025-08-07 09:24:05,528 | INFO | 
============================================================
2025-08-07 09:24:05,528 | INFO | FEED: ESPN
2025-08-07 09:24:05,528 | INFO | Total articles fetched: 20
2025-08-07 09:24:05,528 | INFO | Accepted: 0, Rejected: 20
2025-08-07 09:24:05,528 | INFO | ============================================================
2025-08-07 09:24:05,528 | INFO |  1. ❌ REJECTED | Latest news, buzz from all 32 NFL training camps: The Roman Wilson-Aaron Rodgers...
2025-08-07 09:24:05,528 | INFO |     └─ Reason: No celebrity matches found
2025-08-07 09:24:05,528 | INFO |  2. ❌ REJECTED | 20 sophomore NFL defenders who could stand out this season
2025-08-07 09:24:05,528 | INFO |     └─ Reason: No celebrity matches found
2025-08-07 09:24:05,528 | INFO |  3. ❌ REJECTED | Blue Jays total 45 runs, 63 hits in sweep of Rox
2025-08-07 09:24:05,528 | INFO |     └─ Reason: No celebrity matches found
2025-08-07 09:24:05,528 | INFO |  4. ❌ REJECTED | NFLPA gets clarity: Players' own smelling salts OK
2025-08-07 09:24:05,528 | INFO |     └─ Reason: No celebrity matches found
2025-08-07 09:24:05,528 | INFO |  5. ❌ REJECTED | Red Sox sign rookie Anthony to 8-year extension
2025-08-07 09:24:05,528 | INFO |     └─ Reason: No celebrity matches found
2025-08-07 09:24:05,529 | INFO |  6. ❌ REJECTED | Son signs deal, calls MLS move 'dream come true'
2025-08-07 09:24:05,529 | INFO |     └─ Reason: No celebrity matches found
2025-08-07 09:24:05,529 | INFO |  7. ❌ REJECTED | Kittredge, booed a day ago, has immaculate inning
2025-08-07 09:24:05,529 | INFO |     └─ Reason: No celebrity matches found
2025-08-07 09:24:05,529 | INFO |  8. ❌ REJECTED | Mboko rallies into Montreal final, will play Osaka
2025-08-07 09:24:05,529 | INFO |     └─ Reason: No celebrity matches found
2025-08-07 09:24:05,529 | INFO |  9. ❌ REJECTED | Miami makes Leagues Cup quarters with Messi out
2025-08-07 09:24:05,529 | INFO |     └─ Reason: No celebrity matches found
2025-08-07 09:24:05,529 | INFO | 10. ❌ REJECTED | Day: Ohio State QB battle to go 'down to the wire'
2025-08-07 09:24:05,529 | INFO |     └─ Reason: No celebrity matches found
2025-08-07 09:24:05,529 | INFO | 11. ❌ REJECTED | 📈 Yates' fantasy football PPR rankings
2025-08-07 09:24:05,529 | INFO |     └─ Reason: No celebrity matches found
2025-08-07 09:24:05,529 | INFO | 12. ❌ REJECTED | Need an ace to win big? Even with deep pockets, Mets refuse to overpay
2025-08-07 09:24:05,529 | INFO |     └─ Reason: No celebrity matches found
2025-08-07 09:24:05,529 | INFO | 13. ❌ REJECTED | Can loading up on relievers at the deadline win you a World Series? We found out
2025-08-07 09:24:05,529 | INFO |     └─ Reason: No celebrity matches found
2025-08-07 09:24:05,529 | INFO | 14. ❌ REJECTED | WNBA's CBA negotiations: Why revenue sharing is priority No. 1 and whether a loc...
2025-08-07 09:24:05,529 | INFO |     └─ Reason: No celebrity matches found
2025-08-07 09:24:05,529 | INFO | 15. ❌ REJECTED | Power Rankings: Dream climb while Lynx, Liberty contend with injuries
2025-08-07 09:24:05,529 | INFO |     └─ Reason: No celebrity matches found
2025-08-07 09:24:05,529 | INFO | 16. ❌ REJECTED | Garrett Nussmeier's dad prepared him for the big moments. None will be bigger th...
2025-08-07 09:24:05,529 | INFO |     └─ Reason: No celebrity matches found
2025-08-07 09:24:05,529 | INFO | 17. ❌ REJECTED | Lakers' next era: Fits around Luka, LeBron's future, and why 2027 could change e...
2025-08-07 09:24:05,529 | INFO |     └─ Reason: No celebrity matches found
2025-08-07 09:24:05,529 | INFO | 18. ❌ REJECTED | 'Steal reps' and 'losing ground': How the Browns are navigating a four-way QB co...
2025-08-07 09:24:05,530 | INFO |     └─ Reason: No celebrity matches found
2025-08-07 09:24:05,530 | INFO | 19. ❌ REJECTED | What to watch over the next three weeks, including Ryder Cup spots
2025-08-07 09:24:05,530 | INFO |     └─ Reason: No celebrity matches found
2025-08-07 09:24:05,530 | INFO | 20. ❌ REJECTED | 'Scottie's Chicken Shack' debuts at FedEx Cup
2025-08-07 09:24:05,530 | INFO |     └─ Reason: No celebrity matches found
2025-08-07 09:24:06,089 | INFO | 
============================================================
2025-08-07 09:24:06,089 | INFO | FEED: BBC_ENTERTAINMENT
2025-08-07 09:24:06,089 | INFO | Total articles fetched: 15
2025-08-07 09:24:06,089 | INFO | Accepted: 0, Rejected: 15
2025-08-07 09:24:06,089 | INFO | ============================================================
2025-08-07 09:24:06,089 | INFO |  1. ❌ REJECTED | MasterChef returns with sacked hosts but without their jokes
2025-08-07 09:24:06,089 | INFO |     └─ Reason: No celebrity matches found
2025-08-07 09:24:06,089 | INFO |  2. ❌ REJECTED | How The Archers reflects modern farming life
2025-08-07 09:24:06,089 | INFO |     └─ Reason: No celebrity matches found
2025-08-07 09:24:06,089 | INFO |  3. ❌ REJECTED | Rare copy of The Hobbit sells for 'record-breaking' sum
2025-08-07 09:24:06,089 | INFO |     └─ Reason: No celebrity matches found
2025-08-07 09:24:06,089 | INFO |  4. ❌ REJECTED | Antisemitic incidents spiked after Vylan set, charity says
2025-08-07 09:24:06,089 | INFO |     └─ Reason: No celebrity matches found
2025-08-07 09:24:06,089 | INFO |  5. ❌ REJECTED | Zara ads banned for 'unhealthily thin' models
2025-08-07 09:24:06,089 | INFO |     └─ Reason: No celebrity matches found
2025-08-07 09:24:06,089 | INFO |  6. ❌ REJECTED | Midge Ure cancels tour dates over 'urgent' health issue
2025-08-07 09:24:06,089 | INFO |     └─ Reason: No celebrity matches found
2025-08-07 09:24:06,090 | INFO |  7. ❌ REJECTED | Soulja Boy released after gun charges dropped
2025-08-07 09:24:06,090 | INFO |     └─ Reason: Already processed (duplicate ID)
2025-08-07 09:24:06,090 | INFO |  8. ❌ REJECTED | Ed Sheeran surprises fans with performance at Irish pub
2025-08-07 09:24:06,090 | INFO |     └─ Reason: Already processed (duplicate ID)
2025-08-07 09:24:06,090 | INFO |  9. ❌ REJECTED | Lady Gaga and Bruno Mars lead VMA nominations
2025-08-07 09:24:06,090 | INFO |     └─ Reason: Already processed (duplicate ID)
2025-08-07 09:24:06,090 | INFO | 10. ❌ REJECTED | The Repair Shop's Jay Blades charged with rape
2025-08-07 09:24:06,090 | INFO |     └─ Reason: No celebrity matches found
2025-08-07 09:24:06,090 | INFO | 11. ❌ REJECTED | Floral tributes to be scattered at Ozzy's grave
2025-08-07 09:24:06,090 | INFO |     └─ Reason: Already processed (duplicate ID)
2025-08-07 09:24:06,090 | INFO | 12. ❌ REJECTED | Call to vet YouTube ads like regular TV to stop scams
2025-08-07 09:24:06,090 | INFO |     └─ Reason: No celebrity matches found
2025-08-07 09:24:06,090 | INFO | 13. ❌ REJECTED | Coroner concerned with festival's 'open' drug trade
2025-08-07 09:24:06,090 | INFO |     └─ Reason: No celebrity matches found
2025-08-07 09:24:06,090 | INFO | 14. ❌ REJECTED | Family in tribute to Oasis fan who died at Wembley
2025-08-07 09:24:06,090 | INFO |     └─ Reason: No celebrity matches found
2025-08-07 09:24:06,090 | INFO | 15. ❌ REJECTED | Propaganda or fair warning? Taiwanese TV show imagines Chinese invasion
2025-08-07 09:24:06,090 | INFO |     └─ Reason: No celebrity matches found
2025-08-07 09:24:06,734 | INFO | ✨ SCRAPING COMPLETE - Check scraper_debug.log for detailed analysis
